<?xml version="1.0" encoding="UTF-8"?>
<testsuites>
  <testsuite name="tests/unit/Routers/" tests="5" assertions="15" errors="0" failures="0" skipped="0" time="0.044936">
    <testsuite name="library\routers\RouterTest" file="/data/www/xls_aufgabe/tests/unit/Routers/RouterTest.php" tests="5" assertions="15" errors="0" failures="0" skipped="0" time="0.044936">
      <testcase name="testRouteReturnsLibraryProcessorIfCalledWithLibraryPath" class="library\routers\RouterTest" classname="library.routers.RouterTest" file="/data/www/xls_aufgabe/tests/unit/Routers/RouterTest.php" line="54" assertions="3" time="0.015759"/>
      <testcase name="testRouteReturnsDisplayBookProcessorIfCalledWithAddPath" class="library\routers\RouterTest" classname="library.routers.RouterTest" file="/data/www/xls_aufgabe/tests/unit/Routers/RouterTest.php" line="68" assertions="3" time="0.007319"/>
      <testcase name="testRouteReturnsAddBookProcessorIfCalledWithValidatePath" class="library\routers\RouterTest" classname="library.routers.RouterTest" file="/data/www/xls_aufgabe/tests/unit/Routers/RouterTest.php" line="82" assertions="3" time="0.007509"/>
      <testcase name="testRouteReturnsErrorPageProcessorIfCalledWithAnyInvalidPath" class="library\routers\RouterTest" classname="library.routers.RouterTest" file="/data/www/xls_aufgabe/tests/unit/Routers/RouterTest.php" line="96" assertions="3" time="0.008210"/>
      <testcase name="testRouteReturnsErrorPageProcessorIfCalledWitEmptyPath" class="library\routers\RouterTest" classname="library.routers.RouterTest" file="/data/www/xls_aufgabe/tests/unit/Routers/RouterTest.php" line="112" assertions="3" time="0.006139"/>
    </testsuite>
  </testsuite>
</testsuites>
