<?xml version="1.0" encoding="UTF-8"?>
<testsuites>
  <testsuite name="tests/unit/Session/" tests="5" assertions="6" errors="0" failures="0" skipped="0" time="0.008037">
    <testsuite name="library\session\SessionTest" file="/data/www/xls_aufgabe/tests/unit/Session/SessionTest.php" tests="5" assertions="6" errors="0" failures="0" skipped="0" time="0.008037">
      <testcase name="testSetSetsValueInInputvariables" class="library\session\SessionTest" classname="library.session.SessionTest" file="/data/www/xls_aufgabe/tests/unit/Session/SessionTest.php" line="24" assertions="1" time="0.001897"/>
      <testcase name="testGetReturnsStringInsertedByConstructor" class="library\session\SessionTest" classname="library.session.SessionTest" file="/data/www/xls_aufgabe/tests/unit/Session/SessionTest.php" line="31" assertions="1" time="0.001676"/>
      <testcase name="testGetThrowsInvalidArgumentExceptionIfKeyIsNotSet" class="library\session\SessionTest" classname="library.session.SessionTest" file="/data/www/xls_aufgabe/tests/unit/Session/SessionTest.php" line="37" assertions="2" time="0.001708"/>
      <testcase name="testHasErrorReturnsTrueIfSet" class="library\session\SessionTest" classname="library.session.SessionTest" file="/data/www/xls_aufgabe/tests/unit/Session/SessionTest.php" line="44" assertions="1" time="0.001336"/>
      <testcase name="testGetErrorXmlReturnsXmlInsertedByConstructor" class="library\session\SessionTest" classname="library.session.SessionTest" file="/data/www/xls_aufgabe/tests/unit/Session/SessionTest.php" line="49" assertions="1" time="0.001420"/>
    </testsuite>
  </testsuite>
</testsuites>
